#
# A fatal error has been detected by the Java Runtime Environment:
#
#  EXCEPTION_ACCESS_VIOLATION (0xc0000005) at pc=0x00007ffc3547459b, pid=13992, tid=3456
#
# JRE version: OpenJDK Runtime Environment (11.0+28) (build 11+28)
# Java VM: OpenJDK 64-Bit Server VM (11+28, mixed mode, tiered, compressed oops, g1 gc, windows-amd64)
# Problematic frame:
# V  [jvm.dll+0x71459b]
#
# No core dump will be written. Minidumps are not enabled by default on client versions of Windows
#
# If you would like to submit a bug report, please visit:
#   http://bugreport.java.com/bugreport/crash.jsp
#

---------------  S U M M A R Y ------------

Command Line: -agentlib:jdwp=transport=dt_socket,suspend=y,address=localhost:50928 -ea -javaagent:D:\Java\ides\eclipse\configuration\org.eclipse.osgi\406\0\.cp\lib\javaagent-shaded.jar -Dfile.encoding=UTF-8 org.eclipse.jdt.internal.junit.runner.RemoteTestRunner -version 3 -port 50925 -testLoaderClass org.eclipse.jdt.internal.junit5.runner.JUnit5TestLoader -loaderpluginname org.eclipse.jdt.junit5.runtime -test demarrageordi.rest.LogicielControllerTest:creationLogicielTest

Host: Intel(R) Core(TM) i5-1035G1 CPU @ 1.00GHz, 8 cores, 7G,  Windows 10 , 64 bit Build 18362 (10.0.18362.1110)
Time: Thu Nov  5 09:05:37 2020 Paris, Madrid elapsed time: 1144 seconds (0d 0h 19m 4s)

---------------  T H R E A D  ---------------

Current thread (0x000002affb083000):  JavaThread "main" [_thread_in_vm, id=3456, stack(0x000000b611900000,0x000000b611a00000)]

Stack: [0x000000b611900000,0x000000b611a00000],  sp=0x000000b6119fd1c0,  free space=1012k
Native frames: (J=compiled Java code, j=interpreted, Vv=VM code, C=native code)
V  [jvm.dll+0x71459b]
V  [jvm.dll+0x7144e3]
V  [jvm.dll+0x25bae8]
V  [jvm.dll+0x388269]
C  0x000002af8825e540

Java frames: (J=compiled Java code, j=interpreted, Vv=VM code)
j  demarrageordi.rest.LogicielControllerTest.creationLogicielTest()V+49
v  ~StubRoutines::call_stub
J 2889  jdk.internal.reflect.NativeMethodAccessorImpl.invoke0(Ljava/lang/reflect/Method;Ljava/lang/Object;[Ljava/lang/Object;)Ljava/lang/Object; java.base@11 (0 bytes) @ 0x000002af8fe7babf [0x000002af8fe7ba40+0x000000000000007f]
J 2888 c1 jdk.internal.reflect.NativeMethodAccessorImpl.invoke(Ljava/lang/Object;[Ljava/lang/Object;)Ljava/lang/Object; java.base@11 (104 bytes) @ 0x000002af88e4fb24 [0x000002af88e4f740+0x00000000000003e4]
J 4403 c1 jdk.internal.reflect.DelegatingMethodAccessorImpl.invoke(Ljava/lang/Object;[Ljava/lang/Object;)Ljava/lang/Object; java.base@11 (10 bytes) @ 0x000002af8ffe661c [0x000002af8ffe65c0+0x000000000000005c]
J 2804 c1 java.lang.reflect.Method.invoke(Ljava/lang/Object;[Ljava/lang/Object;)Ljava/lang/Object; java.base@11 (65 bytes) @ 0x000002af88e2abbc [0x000002af88e2aa80+0x000000000000013c]
j  org.junit.runners.model.FrameworkMethod$1.runReflectiveCall()Ljava/lang/Object;+15
j  org.junit.internal.runners.model.ReflectiveCallable.run()Ljava/lang/Object;+1
j  org.junit.runners.model.FrameworkMethod.invokeExplosively(Ljava/lang/Object;[Ljava/lang/Object;)Ljava/lang/Object;+10
j  org.junit.internal.runners.statements.InvokeMethod.evaluate()V+12
j  org.springframework.test.context.junit4.statements.RunBeforeTestExecutionCallbacks.evaluate()V+19
j  org.springframework.test.context.junit4.statements.RunAfterTestExecutionCallbacks.evaluate()V+14
j  org.junit.internal.runners.statements.RunBefores.evaluate()V+41
j  org.springframework.test.context.junit4.statements.RunBeforeTestMethodCallbacks.evaluate()V+19
j  org.springframework.test.context.junit4.statements.RunAfterTestMethodCallbacks.evaluate()V+14
j  org.springframework.test.context.junit4.statements.SpringRepeat.evaluate()V+82
j  org.junit.runners.ParentRunner.runLeaf(Lorg/junit/runners/model/Statement;Lorg/junit/runner/Description;Lorg/junit/runner/notification/RunNotifier;)V+17
j  org.springframework.test.context.junit4.SpringJUnit4ClassRunner.runChild(Lorg/junit/runners/model/FrameworkMethod;Lorg/junit/runner/notification/RunNotifier;)V+50
j  org.springframework.test.context.junit4.SpringJUnit4ClassRunner.runChild(Ljava/lang/Object;Lorg/junit/runner/notification/RunNotifier;)V+6
j  org.junit.runners.ParentRunner$4.run()V+12
j  org.junit.runners.ParentRunner$1.schedule(Ljava/lang/Runnable;)V+1
j  org.junit.runners.ParentRunner.runChildren(Lorg/junit/runner/notification/RunNotifier;)V+44
j  org.junit.runners.ParentRunner.access$100(Lorg/junit/runners/ParentRunner;Lorg/junit/runner/notification/RunNotifier;)V+2
j  org.junit.runners.ParentRunner$2.evaluate()V+8
j  org.springframework.test.context.junit4.statements.RunBeforeTestClassCallbacks.evaluate()V+11
j  org.springframework.test.context.junit4.statements.RunAfterTestClassCallbacks.evaluate()V+12
j  org.junit.runners.ParentRunner$3.evaluate()V+4
j  org.junit.runners.ParentRunner.run(Lorg/junit/runner/notification/RunNotifier;)V+24
j  org.springframework.test.context.junit4.SpringJUnit4ClassRunner.run(Lorg/junit/runner/notification/RunNotifier;)V+24
j  org.junit.runner.JUnitCore.run(Lorg/junit/runner/Runner;)Lorg/junit/runner/Result;+37
j  org.junit.runner.JUnitCore.run(Lorg/junit/runner/Request;)Lorg/junit/runner/Result;+5
j  org.junit.vintage.engine.execution.RunnerExecutor.execute(Lorg/junit/vintage/engine/descriptor/RunnerTestDescriptor;)V+42
j  org.junit.vintage.engine.VintageTestEngine$$Lambda$300.accept(Ljava/lang/Object;)V+8
j  java.util.stream.ForEachOps$ForEachOp$OfRef.accept(Ljava/lang/Object;)V+5 java.base@11
j  java.util.stream.ReferencePipeline$3$1.accept(Ljava/lang/Object;)V+17 java.base@11
j  java.util.Iterator.forEachRemaining(Ljava/util/function/Consumer;)V+21 java.base@11
j  java.util.Spliterators$IteratorSpliterator.forEachRemaining(Ljava/util/function/Consumer;)V+52 java.base@11
j  java.util.stream.AbstractPipeline.copyInto(Ljava/util/stream/Sink;Ljava/util/Spliterator;)V+32 java.base@11
j  java.util.stream.AbstractPipeline.wrapAndCopyInto(Ljava/util/stream/Sink;Ljava/util/Spliterator;)Ljava/util/stream/Sink;+13 java.base@11
j  java.util.stream.ForEachOps$ForEachOp.evaluateSequential(Ljava/util/stream/PipelineHelper;Ljava/util/Spliterator;)Ljava/lang/Void;+3 java.base@11
j  java.util.stream.ForEachOps$ForEachOp$OfRef.evaluateSequential(Ljava/util/stream/PipelineHelper;Ljava/util/Spliterator;)Ljava/lang/Object;+3 java.base@11
j  java.util.stream.AbstractPipeline.evaluate(Ljava/util/stream/TerminalOp;)Ljava/lang/Object;+88 java.base@11
j  java.util.stream.ReferencePipeline.forEach(Ljava/util/function/Consumer;)V+6 java.base@11
j  org.junit.vintage.engine.VintageTestEngine.executeAllChildren(Lorg/junit/vintage/engine/execution/RunnerExecutor;Lorg/junit/platform/engine/TestDescriptor;)V+39
j  org.junit.vintage.engine.VintageTestEngine.execute(Lorg/junit/platform/engine/ExecutionRequest;)V+38
j  org.junit.platform.launcher.core.DefaultLauncher.execute(Lorg/junit/platform/engine/TestDescriptor;Lorg/junit/platform/engine/EngineExecutionListener;Lorg/junit/platform/engine/ConfigurationParameters;Lorg/junit/platform/engine/TestEngine;)V+24
j  org.junit.platform.launcher.core.DefaultLauncher.lambda$execute$5(Lorg/junit/platform/launcher/core/InternalTestPlan;Lorg/junit/platform/launcher/core/Root;Lorg/junit/platform/engine/ConfigurationParameters;Lorg/junit/platform/launcher/TestExecutionListener;)V+105
j  org.junit.platform.launcher.core.DefaultLauncher$$Lambda$261.accept(Ljava/lang/Object;)V+20
j  org.junit.platform.launcher.core.DefaultLauncher.withInterceptedStreams(Lorg/junit/platform/engine/ConfigurationParameters;Lorg/junit/platform/launcher/core/TestExecutionListenerRegistry;Ljava/util/function/Consumer;)V+43
j  org.junit.platform.launcher.core.DefaultLauncher.execute(Lorg/junit/platform/launcher/core/InternalTestPlan;[Lorg/junit/platform/launcher/TestExecutionListener;)V+33
j  org.junit.platform.launcher.core.DefaultLauncher.execute(Lorg/junit/platform/launcher/TestPlan;[Lorg/junit/platform/launcher/TestExecutionListener;)V+36
j  org.eclipse.jdt.internal.junit5.runner.JUnit5TestReference.run(Lorg/eclipse/jdt/internal/junit/runner/TestExecution;)V+69
j  org.eclipse.jdt.internal.junit.runner.TestExecution.run([Lorg/eclipse/jdt/internal/junit/runner/ITestReference;)V+17
j  org.eclipse.jdt.internal.junit.runner.RemoteTestRunner.runTests([Ljava/lang/String;Ljava/lang/String;Lorg/eclipse/jdt/internal/junit/runner/TestExecution;)V+62
j  org.eclipse.jdt.internal.junit.runner.RemoteTestRunner.runTests(Lorg/eclipse/jdt/internal/junit/runner/TestExecution;)V+10
j  org.eclipse.jdt.internal.junit.runner.RemoteTestRunner.run()V+70
j  org.eclipse.jdt.internal.junit.runner.RemoteTestRunner.main([Ljava/lang/String;)V+14
v  ~StubRoutines::call_stub

siginfo: EXCEPTION_ACCESS_VIOLATION (0xc0000005), reading address 0x0000000000000000


Register to memory mapping:

RIP=0x00007ffc3547459b jvm.dll
RAX=0x000002aff96ae800 points into unknown readable memory
RBX=0x000002affb083000 is a thread
RCX=0x0 is NULL
RDX=0x000002aff96ae7f0 points into unknown readable memory
RSP=0x000000b6119fd1c0 is pointing into the stack for thread: 0x000002affb083000
RBP=0x000002affb083000 is a thread
RSI=0x0000000000000001 is an unknown value
RDI=0x0 is NULL
R8 =0x000002aff96ae7f8 points into unknown readable memory
R9 =0x000002affb083000 is a thread
R10=0x0000000000006710 is an unknown value
R11={method} {0x000002af9bd3a6b8} 'creationLogicielTest' '()V' in 'demarrageordi/rest/LogicielControllerTest'
R12=0x0000000000033880 is an unknown value
R13=0x00000000000000ca is an unknown value
R14=0x000002aff96b4c20 points into unknown readable memory
R15=0x00000000851dd100 is an oop
java.security.ProtectionDomain 
{0x00000000851dd100} - klass: 'java/security/ProtectionDomain'


Registers:
RAX=0x000002aff96ae800, RBX=0x000002affb083000, RCX=0x0000000000000000, RDX=0x000002aff96ae7f0
RSP=0x000000b6119fd1c0, RBP=0x000002affb083000, RSI=0x0000000000000001, RDI=0x0000000000000000
R8 =0x000002aff96ae7f8, R9 =0x000002affb083000, R10=0x0000000000006710, R11=0x000002af9bd3a6b0
R12=0x0000000000033880, R13=0x00000000000000ca, R14=0x000002aff96b4c20, R15=0x00000000851dd100
RIP=0x00007ffc3547459b, EFLAGS=0x0000000000010206

Top of Stack: (sp=0x000000b6119fd1c0)
0x000000b6119fd1c0:   000000b6119fd2a9 00007ffc34e81c73
0x000000b6119fd1d0:   0000000000000002 000002af9bd39bc8
0x000000b6119fd1e0:   000000b6119fd2a9 00007ffc34eed12f
0x000000b6119fd1f0:   000002aff96b4c20 0000000000000000
0x000000b6119fd200:   0000000000000001 000002affb083000
0x000000b6119fd210:   000002affb083000 00007ffc354744e3
0x000000b6119fd220:   000000b6119fd6a0 000002affb083000
0x000000b6119fd230:   000002affb083000 000002aff96b4c20
0x000000b6119fd240:   000002aff96ae7f0 00007ffc34fbbae8
0x000000b6119fd250:   000002aff96ae7f8 000000b6119fd2f0
0x000000b6119fd260:   000002af9bd3a6b0 000000b6119fd340
0x000000b6119fd270:   000002affb083000 000002af88238690
0x000000b6119fd280:   000000b600000000 000000b6119fd390
0x000000b6119fd290:   000002affb083000 000000b6119fd3c0
0x000000b6119fd2a0:   000002af9bd3a629 0000000000000000
0x000000b6119fd2b0:   0000000000000000 000000b6119fd390 

Instructions: (pc=0x00007ffc3547459b)
0x00007ffc3547457b:   cc cc cc cc cc 4c 8b ca 45 33 c0 33 d2 e9 03 00
0x00007ffc3547458b:   00 00 cc cc cc 40 53 55 56 57 41 56 48 83 ec 30
0x00007ffc3547459b:   66 83 39 01 4d 8b f1 49 8b d8 48 8b fa 48 8b f1
0x00007ffc354745ab:   0f 86 cc 00 00 00 80 79 06 5b 0f 85 c2 00 00 00 



---------------  P R O C E S S  ---------------

Threads class SMR info:
_java_thread_list=0x000002afa3e83310, length=16, elements={
0x000002affb083000, 0x000002afff13d000, 0x000002afff97a800, 0x000002afff980000,
0x000002afff981000, 0x000002afff983800, 0x000002afff986800, 0x000002afff98a800,
0x000002afffb65000, 0x000002afffd41000, 0x000002afffd1d000, 0x000002afffd1d800,
0x000002af9b6ff000, 0x000002af9c21e000, 0x000002af9edcf800, 0x000002af9edcc000
}

Java Threads: ( => current thread )
=>0x000002affb083000 JavaThread "main" [_thread_in_vm, id=3456, stack(0x000000b611900000,0x000000b611a00000)]
  0x000002afff13d000 JavaThread "Reference Handler" daemon [_thread_blocked, id=12892, stack(0x000000b612000000,0x000000b612100000)]
  0x000002afff97a800 JavaThread "Finalizer" daemon [_thread_blocked, id=7756, stack(0x000000b612100000,0x000000b612200000)]
  0x000002afff980000 JavaThread "Signal Dispatcher" daemon [_thread_blocked, id=14656, stack(0x000000b612200000,0x000000b612300000)]
  0x000002afff981000 JavaThread "Attach Listener" daemon [_thread_blocked, id=2596, stack(0x000000b612300000,0x000000b612400000)]
  0x000002afff983800 JavaThread "C2 CompilerThread0" daemon [_thread_blocked, id=2708, stack(0x000000b612400000,0x000000b612500000)]
  0x000002afff986800 JavaThread "C1 CompilerThread0" daemon [_thread_blocked, id=5048, stack(0x000000b612500000,0x000000b612600000)]
  0x000002afff98a800 JavaThread "Sweeper thread" daemon [_thread_blocked, id=3656, stack(0x000000b612600000,0x000000b612700000)]
  0x000002afffb65000 JavaThread "Common-Cleaner" daemon [_thread_blocked, id=2556, stack(0x000000b612700000,0x000000b612800000)]
  0x000002afffd41000 JavaThread "JDWP Transport Listener: dt_socket" daemon [_thread_blocked, id=11076, stack(0x000000b612800000,0x000000b612900000)]
  0x000002afffd1d000 JavaThread "JDWP Event Helper Thread" daemon [_thread_blocked, id=13836, stack(0x000000b612900000,0x000000b612a00000)]
  0x000002afffd1d800 JavaThread "JDWP Command Reader" daemon [_thread_in_native, id=3744, stack(0x000000b612a00000,0x000000b612b00000)]
  0x000002af9b6ff000 JavaThread "Service Thread" daemon [_thread_blocked, id=8320, stack(0x000000b612b00000,0x000000b612c00000)]
  0x000002af9c21e000 JavaThread "ReaderThread" [_thread_in_native, id=9976, stack(0x000000b612f00000,0x000000b613000000)]
  0x000002af9edcf800 JavaThread "PostgreSQL-JDBC-SharedTimer-1" daemon [_thread_blocked, id=9244, stack(0x000000b613800000,0x000000b613900000)]
  0x000002af9edcc000 JavaThread "blah housekeeper" daemon [_thread_blocked, id=11692, stack(0x000000b613900000,0x000000b613a00000)]

Other Threads:
  0x000002afff164000 VMThread "VM Thread" [stack: 0x000000b611f00000,0x000000b612000000] [id=14816]
  0x000002af9b700000 WatcherThread [stack: 0x000000b612c00000,0x000000b612d00000] [id=1344]
  0x000002affb09b000 GCTaskThread "GC Thread#0" [stack: 0x000000b611a00000,0x000000b611b00000] [id=6316]
  0x000002af9c2e2000 GCTaskThread "GC Thread#1" [stack: 0x000000b613000000,0x000000b613100000] [id=8412]
  0x000002af9c1a8000 GCTaskThread "GC Thread#2" [stack: 0x000000b613100000,0x000000b613200000] [id=14604]
  0x000002af9b7b6800 GCTaskThread "GC Thread#3" [stack: 0x000000b613200000,0x000000b613300000] [id=12428]
  0x000002afa3c50800 GCTaskThread "GC Thread#4" [stack: 0x000000b613500000,0x000000b613600000] [id=13368]
  0x000002af9c4d5800 GCTaskThread "GC Thread#5" [stack: 0x000000b613600000,0x000000b613700000] [id=11088]
  0x000002af9ea75800 GCTaskThread "GC Thread#6" [stack: 0x000000b613c00000,0x000000b613d00000] [id=2264]
  0x000002af9ea77800 GCTaskThread "GC Thread#7" [stack: 0x000000b613d00000,0x000000b613e00000] [id=4360]
  0x000002affb0cc000 ConcurrentGCThread "G1 Main Marker" [stack: 0x000000b611b00000,0x000000b611c00000] [id=11204]
  0x000002affb0cd800 ConcurrentGCThread "G1 Conc#0" [stack: 0x000000b611c00000,0x000000b611d00000] [id=12780]
  0x000002af9f283000 ConcurrentGCThread "G1 Conc#1" [stack: 0x000000b613300000,0x000000b613400000] [id=7720]
  0x000002affb13e000 ConcurrentGCThread "G1 Refine#0" [stack: 0x000000b611d00000,0x000000b611e00000] [id=15152]
  0x000002affef97800 ConcurrentGCThread "G1 Young RemSet Sampling" [stack: 0x000000b611e00000,0x000000b611f00000] [id=14764]

Threads with active compile tasks:

VM state:not at safepoint (normal execution)

VM Mutex/Monitor currently owned by a thread: None

Heap address: 0x0000000084c00000, size: 1972 MB, Compressed Oops mode: 32-bit
Narrow klass base: 0x0000000000000000, Narrow klass shift: 3
Compressed class space size: 1073741824 Address: 0x0000000100000000

Heap:
 garbage-first heap   total 220160K, used 118685K [0x0000000084c00000, 0x0000000100000000)
  region size 1024K, 92 young (94208K), 10 survivors (10240K)
 Metaspace       used 72943K, capacity 74673K, committed 74800K, reserved 1114112K
  class space    used 9478K, capacity 10179K, committed 10240K, reserved 1048576K
Heap Regions: E=young(eden), S=young(survivor), O=old, HS=humongous(starts), HC=humongous(continues), CS=collection set, F=free, A=archive, TAMS=top-at-mark-start (previous, next)
|   0|0x0000000084c00000, 0x0000000084d00000, 0x0000000084d00000|100%|HS|  |TAMS 0x0000000084d00000, 0x0000000084c00000| Complete 
|   1|0x0000000084d00000, 0x0000000084e00000, 0x0000000084e00000|100%| O|  |TAMS 0x0000000084e00000, 0x0000000084d00000| Untracked 
|   2|0x0000000084e00000, 0x0000000084f00000, 0x0000000084f00000|100%| O|  |TAMS 0x0000000084f00000, 0x0000000084e00000| Untracked 
|   3|0x0000000084f00000, 0x0000000085000000, 0x0000000085000000|100%| O|  |TAMS 0x0000000085000000, 0x0000000084f00000| Untracked 
|   4|0x0000000085000000, 0x0000000085100000, 0x0000000085100000|100%| O|  |TAMS 0x0000000085100000, 0x0000000085000000| Untracked 
|   5|0x0000000085100000, 0x0000000085200000, 0x0000000085200000|100%| O|  |TAMS 0x0000000085200000, 0x0000000085100000| Untracked 
|   6|0x0000000085200000, 0x0000000085300000, 0x0000000085300000|100%| O|  |TAMS 0x0000000085300000, 0x0000000085200000| Untracked 
|   7|0x0000000085300000, 0x0000000085400000, 0x0000000085400000|100%| O|  |TAMS 0x0000000085400000, 0x0000000085300000| Untracked 
|   8|0x0000000085400000, 0x0000000085500000, 0x0000000085500000|100%| O|  |TAMS 0x0000000085500000, 0x0000000085400000| Untracked 
|   9|0x0000000085500000, 0x0000000085600000, 0x0000000085600000|100%| O|  |TAMS 0x0000000085600000, 0x0000000085500000| Untracked 
|  10|0x0000000085600000, 0x0000000085700000, 0x0000000085700000|100%| O|  |TAMS 0x0000000085700000, 0x0000000085600000| Untracked 
|  11|0x0000000085700000, 0x0000000085800000, 0x0000000085800000|100%| O|  |TAMS 0x0000000085800000, 0x0000000085700000| Untracked 
|  12|0x0000000085800000, 0x0000000085900000, 0x0000000085900000|100%| O|  |TAMS 0x0000000085900000, 0x0000000085800000| Untracked 
|  13|0x0000000085900000, 0x0000000085a00000, 0x0000000085a00000|100%| O|  |TAMS 0x0000000085a00000, 0x0000000085900000| Untracked 
|  14|0x0000000085a00000, 0x0000000085b00000, 0x0000000085b00000|100%| O|  |TAMS 0x0000000085b00000, 0x0000000085a00000| Untracked 
|  15|0x0000000085b00000, 0x0000000085c00000, 0x0000000085c00000|100%| O|  |TAMS 0x0000000085c00000, 0x0000000085b00000| Untracked 
|  16|0x0000000085c00000, 0x0000000085d00000, 0x0000000085d00000|100%| O|  |TAMS 0x0000000085d00000, 0x0000000085c00000| Untracked 
|  17|0x0000000085d00000, 0x0000000085e00000, 0x0000000085e00000|100%| O|  |TAMS 0x0000000085e00000, 0x0000000085d00000| Untracked 
|  18|0x0000000085e00000, 0x0000000085f00000, 0x0000000085f00000|100%| O|  |TAMS 0x0000000085e6b800, 0x0000000085e00000| Untracked 
|  19|0x0000000085f00000, 0x0000000086000000, 0x0000000086000000|100%| O|  |TAMS 0x0000000085f00000, 0x0000000085f00000| Untracked 
|  20|0x0000000086000000, 0x0000000086100000, 0x0000000086100000|100%| O|  |TAMS 0x0000000086000000, 0x0000000086000000| Untracked 
|  21|0x0000000086100000, 0x0000000086200000, 0x0000000086200000|100%| O|  |TAMS 0x0000000086100000, 0x0000000086100000| Untracked 
|  22|0x0000000086200000, 0x0000000086300000, 0x0000000086300000|100%| O|  |TAMS 0x0000000086200000, 0x0000000086200000| Untracked 
|  23|0x0000000086300000, 0x0000000086400000, 0x0000000086400000|100%| O|  |TAMS 0x0000000086300000, 0x0000000086300000| Untracked 
|  24|0x0000000086400000, 0x00000000864ffe00, 0x0000000086500000| 99%| O|  |TAMS 0x0000000086400000, 0x0000000086400000| Untracked 
|  25|0x0000000086500000, 0x0000000086500000, 0x0000000086600000|  0%| F|  |TAMS 0x0000000086500000, 0x0000000086500000| Untracked 
|  26|0x0000000086600000, 0x0000000086600000, 0x0000000086700000|  0%| F|  |TAMS 0x0000000086600000, 0x0000000086600000| Untracked 
|  27|0x0000000086700000, 0x0000000086700000, 0x0000000086800000|  0%| F|  |TAMS 0x0000000086700000, 0x0000000086700000| Untracked 
|  28|0x0000000086800000, 0x0000000086800000, 0x0000000086900000|  0%| F|  |TAMS 0x0000000086800000, 0x0000000086800000| Untracked 
|  29|0x0000000086900000, 0x0000000086900000, 0x0000000086a00000|  0%| F|  |TAMS 0x0000000086900000, 0x0000000086900000| Untracked 
|  30|0x0000000086a00000, 0x0000000086a00000, 0x0000000086b00000|  0%| F|  |TAMS 0x0000000086a00000, 0x0000000086a00000| Untracked 
|  31|0x0000000086b00000, 0x0000000086b00000, 0x0000000086c00000|  0%| F|  |TAMS 0x0000000086b00000, 0x0000000086b00000| Untracked 
|  32|0x0000000086c00000, 0x0000000086c00000, 0x0000000086d00000|  0%| F|  |TAMS 0x0000000086c00000, 0x0000000086c00000| Untracked 
|  33|0x0000000086d00000, 0x0000000086d00000, 0x0000000086e00000|  0%| F|  |TAMS 0x0000000086d00000, 0x0000000086d00000| Untracked 
|  34|0x0000000086e00000, 0x0000000086e00000, 0x0000000086f00000|  0%| F|  |TAMS 0x0000000086e00000, 0x0000000086e00000| Untracked 
|  35|0x0000000086f00000, 0x0000000086f00000, 0x0000000087000000|  0%| F|  |TAMS 0x0000000086f00000, 0x0000000086f00000| Untracked 
|  36|0x0000000087000000, 0x0000000087000000, 0x0000000087100000|  0%| F|  |TAMS 0x0000000087000000, 0x0000000087000000| Untracked 
|  37|0x0000000087100000, 0x0000000087100000, 0x0000000087200000|  0%| F|  |TAMS 0x0000000087100000, 0x0000000087100000| Untracked 
|  38|0x0000000087200000, 0x0000000087200000, 0x0000000087300000|  0%| F|  |TAMS 0x0000000087200000, 0x0000000087200000| Untracked 
|  39|0x0000000087300000, 0x0000000087300000, 0x0000000087400000|  0%| F|  |TAMS 0x0000000087300000, 0x0000000087300000| Untracked 
|  40|0x0000000087400000, 0x0000000087400000, 0x0000000087500000|  0%| F|  |TAMS 0x0000000087400000, 0x0000000087400000| Untracked 
|  41|0x0000000087500000, 0x0000000087500000, 0x0000000087600000|  0%| F|  |TAMS 0x0000000087500000, 0x0000000087500000| Untracked 
|  42|0x0000000087600000, 0x0000000087600000, 0x0000000087700000|  0%| F|  |TAMS 0x0000000087600000, 0x0000000087600000| Untracked 
|  43|0x0000000087700000, 0x0000000087700000, 0x0000000087800000|  0%| F|  |TAMS 0x0000000087700000, 0x0000000087700000| Untracked 
|  44|0x0000000087800000, 0x0000000087800000, 0x0000000087900000|  0%| F|  |TAMS 0x0000000087800000, 0x0000000087800000| Untracked 
|  45|0x0000000087900000, 0x0000000087900000, 0x0000000087a00000|  0%| F|  |TAMS 0x0000000087900000, 0x0000000087900000| Untracked 
|  46|0x0000000087a00000, 0x0000000087a00000, 0x0000000087b00000|  0%| F|  |TAMS 0x0000000087a00000, 0x0000000087a00000| Untracked 
|  47|0x0000000087b00000, 0x0000000087b00000, 0x0000000087c00000|  0%| F|  |TAMS 0x0000000087b00000, 0x0000000087b00000| Untracked 
|  48|0x0000000087c00000, 0x0000000087c00000, 0x0000000087d00000|  0%| F|  |TAMS 0x0000000087c00000, 0x0000000087c00000| Untracked 
|  49|0x0000000087d00000, 0x0000000087d00000, 0x0000000087e00000|  0%| F|  |TAMS 0x0000000087d00000, 0x0000000087d00000| Untracked 
|  50|0x0000000087e00000, 0x0000000087e00000, 0x0000000087f00000|  0%| F|  |TAMS 0x0000000087e00000, 0x0000000087e00000| Untracked 
|  51|0x0000000087f00000, 0x0000000087f00000, 0x0000000088000000|  0%| F|  |TAMS 0x0000000087f00000, 0x0000000087f00000| Untracked 
|  52|0x0000000088000000, 0x0000000088000000, 0x0000000088100000|  0%| F|  |TAMS 0x0000000088000000, 0x0000000088000000| Untracked 
|  53|0x0000000088100000, 0x0000000088100000, 0x0000000088200000|  0%| F|  |TAMS 0x0000000088100000, 0x0000000088100000| Untracked 
|  54|0x0000000088200000, 0x0000000088200000, 0x0000000088300000|  0%| F|  |TAMS 0x0000000088200000, 0x0000000088200000| Untracked 
|  55|0x0000000088300000, 0x0000000088300000, 0x0000000088400000|  0%| F|  |TAMS 0x0000000088300000, 0x0000000088300000| Untracked 
|  56|0x0000000088400000, 0x0000000088400000, 0x0000000088500000|  0%| F|  |TAMS 0x0000000088400000, 0x0000000088400000| Untracked 
|  57|0x0000000088500000, 0x0000000088500000, 0x0000000088600000|  0%| F|  |TAMS 0x0000000088500000, 0x0000000088500000| Untracked 
|  58|0x0000000088600000, 0x0000000088600000, 0x0000000088700000|  0%| F|  |TAMS 0x0000000088600000, 0x0000000088600000| Untracked 
|  59|0x0000000088700000, 0x0000000088700000, 0x0000000088800000|  0%| F|  |TAMS 0x0000000088700000, 0x0000000088700000| Untracked 
|  60|0x0000000088800000, 0x0000000088800000, 0x0000000088900000|  0%| F|  |TAMS 0x0000000088800000, 0x0000000088800000| Untracked 
|  61|0x0000000088900000, 0x0000000088900000, 0x0000000088a00000|  0%| F|  |TAMS 0x0000000088900000, 0x0000000088900000| Untracked 
|  62|0x0000000088a00000, 0x0000000088a00000, 0x0000000088b00000|  0%| F|  |TAMS 0x0000000088a00000, 0x0000000088a00000| Untracked 
|  63|0x0000000088b00000, 0x0000000088b00000, 0x0000000088c00000|  0%| F|  |TAMS 0x0000000088b00000, 0x0000000088b00000| Untracked 
|  64|0x0000000088c00000, 0x0000000088c00000, 0x0000000088d00000|  0%| F|  |TAMS 0x0000000088c00000, 0x0000000088c00000| Untracked 
|  65|0x0000000088d00000, 0x0000000088d00000, 0x0000000088e00000|  0%| F|  |TAMS 0x0000000088d00000, 0x0000000088d00000| Untracked 
|  66|0x0000000088e00000, 0x0000000088e00000, 0x0000000088f00000|  0%| F|  |TAMS 0x0000000088e00000, 0x0000000088e00000| Untracked 
|  67|0x0000000088f00000, 0x0000000088f00000, 0x0000000089000000|  0%| F|  |TAMS 0x0000000088f00000, 0x0000000088f00000| Untracked 
|  68|0x0000000089000000, 0x0000000089000000, 0x0000000089100000|  0%| F|  |TAMS 0x0000000089000000, 0x0000000089000000| Untracked 
|  69|0x0000000089100000, 0x0000000089100000, 0x0000000089200000|  0%| F|  |TAMS 0x0000000089100000, 0x0000000089100000| Untracked 
|  70|0x0000000089200000, 0x0000000089200000, 0x0000000089300000|  0%| F|  |TAMS 0x0000000089200000, 0x0000000089200000| Untracked 
|  71|0x0000000089300000, 0x0000000089300000, 0x0000000089400000|  0%| F|  |TAMS 0x0000000089300000, 0x0000000089300000| Untracked 
|  72|0x0000000089400000, 0x00000000894e79a0, 0x0000000089500000| 90%| S|CS|TAMS 0x0000000089400000, 0x0000000089400000| Complete 
|  73|0x0000000089500000, 0x0000000089600000, 0x0000000089600000|100%| S|CS|TAMS 0x0000000089500000, 0x0000000089500000| Complete 
|  74|0x0000000089600000, 0x0000000089700000, 0x0000000089700000|100%| S|CS|TAMS 0x0000000089600000, 0x0000000089600000| Complete 
|  75|0x0000000089700000, 0x0000000089800000, 0x0000000089800000|100%| S|CS|TAMS 0x0000000089700000, 0x0000000089700000| Complete 
|  76|0x0000000089800000, 0x0000000089900000, 0x0000000089900000|100%| S|CS|TAMS 0x0000000089800000, 0x0000000089800000| Complete 
|  77|0x0000000089900000, 0x0000000089a00000, 0x0000000089a00000|100%| S|CS|TAMS 0x0000000089900000, 0x0000000089900000| Complete 
|  78|0x0000000089a00000, 0x0000000089b00000, 0x0000000089b00000|100%| S|CS|TAMS 0x0000000089a00000, 0x0000000089a00000| Complete 
|  79|0x0000000089b00000, 0x0000000089c00000, 0x0000000089c00000|100%| S|CS|TAMS 0x0000000089b00000, 0x0000000089b00000| Complete 
|  80|0x0000000089c00000, 0x0000000089d00000, 0x0000000089d00000|100%| S|CS|TAMS 0x0000000089c00000, 0x0000000089c00000| Complete 
|  81|0x0000000089d00000, 0x0000000089e00000, 0x0000000089e00000|100%| S|CS|TAMS 0x0000000089d00000, 0x0000000089d00000| Complete 
|  82|0x0000000089e00000, 0x0000000089e00000, 0x0000000089f00000|  0%| F|  |TAMS 0x0000000089e00000, 0x0000000089e00000| Untracked 
|  83|0x0000000089f00000, 0x0000000089f00000, 0x000000008a000000|  0%| F|  |TAMS 0x0000000089f00000, 0x0000000089f00000| Untracked 
|  84|0x000000008a000000, 0x000000008a000000, 0x000000008a100000|  0%| F|  |TAMS 0x000000008a000000, 0x000000008a000000| Untracked 
|  85|0x000000008a100000, 0x000000008a100000, 0x000000008a200000|  0%| F|  |TAMS 0x000000008a100000, 0x000000008a100000| Untracked 
|  86|0x000000008a200000, 0x000000008a200000, 0x000000008a300000|  0%| F|  |TAMS 0x000000008a200000, 0x000000008a200000| Untracked 
|  87|0x000000008a300000, 0x000000008a300000, 0x000000008a400000|  0%| F|  |TAMS 0x000000008a300000, 0x000000008a300000| Untracked 
|  88|0x000000008a400000, 0x000000008a400000, 0x000000008a500000|  0%| F|  |TAMS 0x000000008a400000, 0x000000008a400000| Untracked 
|  89|0x000000008a500000, 0x000000008a500000, 0x000000008a600000|  0%| F|  |TAMS 0x000000008a500000, 0x000000008a500000| Untracked 
|  90|0x000000008a600000, 0x000000008a600000, 0x000000008a700000|  0%| F|  |TAMS 0x000000008a600000, 0x000000008a600000| Untracked 
|  91|0x000000008a700000, 0x000000008a700000, 0x000000008a800000|  0%| F|  |TAMS 0x000000008a700000, 0x000000008a700000| Untracked 
|  92|0x000000008a800000, 0x000000008a800000, 0x000000008a900000|  0%| F|  |TAMS 0x000000008a800000, 0x000000008a800000| Untracked 
|  93|0x000000008a900000, 0x000000008a900000, 0x000000008aa00000|  0%| F|  |TAMS 0x000000008a900000, 0x000000008a900000| Untracked 
|  94|0x000000008aa00000, 0x000000008aa00000, 0x000000008ab00000|  0%| F|  |TAMS 0x000000008aa00000, 0x000000008aa00000| Untracked 
|  95|0x000000008ab00000, 0x000000008ab00000, 0x000000008ac00000|  0%| F|  |TAMS 0x000000008ab00000, 0x000000008ab00000| Untracked 
|  96|0x000000008ac00000, 0x000000008ac00000, 0x000000008ad00000|  0%| F|  |TAMS 0x000000008ac00000, 0x000000008ac00000| Untracked 
|  97|0x000000008ad00000, 0x000000008ad00000, 0x000000008ae00000|  0%| F|  |TAMS 0x000000008ad00000, 0x000000008ad00000| Untracked 
|  98|0x000000008ae00000, 0x000000008ae00000, 0x000000008af00000|  0%| F|  |TAMS 0x000000008ae00000, 0x000000008ae00000| Untracked 
|  99|0x000000008af00000, 0x000000008af00000, 0x000000008b000000|  0%| F|  |TAMS 0x000000008af00000, 0x000000008af00000| Untracked 
| 100|0x000000008b000000, 0x000000008b000000, 0x000000008b100000|  0%| F|  |TAMS 0x000000008b000000, 0x000000008b000000| Untracked 
| 101|0x000000008b100000, 0x000000008b100000, 0x000000008b200000|  0%| F|  |TAMS 0x000000008b100000, 0x000000008b100000| Untracked 
| 102|0x000000008b200000, 0x000000008b200000, 0x000000008b300000|  0%| F|  |TAMS 0x000000008b200000, 0x000000008b200000| Untracked 
| 103|0x000000008b300000, 0x000000008b300000, 0x000000008b400000|  0%| F|  |TAMS 0x000000008b300000, 0x000000008b300000| Untracked 
| 104|0x000000008b400000, 0x000000008b400000, 0x000000008b500000|  0%| F|  |TAMS 0x000000008b400000, 0x000000008b400000| Untracked 
| 105|0x000000008b500000, 0x000000008b500000, 0x000000008b600000|  0%| F|  |TAMS 0x000000008b500000, 0x000000008b500000| Untracked 
| 106|0x000000008b600000, 0x000000008b600000, 0x000000008b700000|  0%| F|  |TAMS 0x000000008b600000, 0x000000008b600000| Untracked 
| 107|0x000000008b700000, 0x000000008b700000, 0x000000008b800000|  0%| F|  |TAMS 0x000000008b700000, 0x000000008b700000| Untracked 
| 108|0x000000008b800000, 0x000000008b800000, 0x000000008b900000|  0%| F|  |TAMS 0x000000008b800000, 0x000000008b800000| Untracked 
| 109|0x000000008b900000, 0x000000008b900000, 0x000000008ba00000|  0%| F|  |TAMS 0x000000008b900000, 0x000000008b900000| Untracked 
| 110|0x000000008ba00000, 0x000000008ba00000, 0x000000008bb00000|  0%| F|  |TAMS 0x000000008ba00000, 0x000000008ba00000| Untracked 
| 111|0x000000008bb00000, 0x000000008bb00000, 0x000000008bc00000|  0%| F|  |TAMS 0x000000008bb00000, 0x000000008bb00000| Untracked 
| 112|0x000000008bc00000, 0x000000008bc00000, 0x000000008bd00000|  0%| F|  |TAMS 0x000000008bc00000, 0x000000008bc00000| Untracked 
| 113|0x000000008bd00000, 0x000000008bd00000, 0x000000008be00000|  0%| F|  |TAMS 0x000000008bd00000, 0x000000008bd00000| Untracked 
| 114|0x000000008be00000, 0x000000008be00000, 0x000000008bf00000|  0%| F|  |TAMS 0x000000008be00000, 0x000000008be00000| Untracked 
| 115|0x000000008bf00000, 0x000000008bf00000, 0x000000008c000000|  0%| F|  |TAMS 0x000000008bf00000, 0x000000008bf00000| Untracked 
| 116|0x000000008c000000, 0x000000008c000000, 0x000000008c100000|  0%| F|  |TAMS 0x000000008c000000, 0x000000008c000000| Untracked 
| 117|0x000000008c100000, 0x000000008c100000, 0x000000008c200000|  0%| F|  |TAMS 0x000000008c100000, 0x000000008c100000| Untracked 
| 118|0x000000008c200000, 0x000000008c200000, 0x000000008c300000|  0%| F|  |TAMS 0x000000008c200000, 0x000000008c200000| Untracked 
| 119|0x000000008c300000, 0x000000008c300000, 0x000000008c400000|  0%| F|  |TAMS 0x000000008c300000, 0x000000008c300000| Untracked 
| 120|0x000000008c400000, 0x000000008c400000, 0x000000008c500000|  0%| F|  |TAMS 0x000000008c400000, 0x000000008c400000| Untracked 
| 121|0x000000008c500000, 0x000000008c500000, 0x000000008c600000|  0%| F|  |TAMS 0x000000008c500000, 0x000000008c500000| Untracked 
| 122|0x000000008c600000, 0x000000008c600000, 0x000000008c700000|  0%| F|  |TAMS 0x000000008c600000, 0x000000008c600000| Untracked 
| 123|0x000000008c700000, 0x000000008c700000, 0x000000008c800000|  0%| F|  |TAMS 0x000000008c700000, 0x000000008c700000| Untracked 
| 124|0x000000008c800000, 0x000000008c800000, 0x000000008c900000|  0%| F|  |TAMS 0x000000008c800000, 0x000000008c800000| Untracked 
| 125|0x000000008c900000, 0x000000008c900000, 0x000000008ca00000|  0%| F|  |TAMS 0x000000008c900000, 0x000000008c900000| Untracked 
| 126|0x000000008ca00000, 0x000000008ca00000, 0x000000008cb00000|  0%| F|  |TAMS 0x000000008ca00000, 0x000000008ca00000| Untracked 
| 127|0x000000008cb00000, 0x000000008cb00000, 0x000000008cc00000|  0%| F|  |TAMS 0x000000008cb00000, 0x000000008cb00000| Untracked 
| 128|0x000000008cc00000, 0x000000008cc00000, 0x000000008cd00000|  0%| F|  |TAMS 0x000000008cc00000, 0x000000008cc00000| Untracked 
| 129|0x000000008cd00000, 0x000000008cd00000, 0x000000008ce00000|  0%| F|  |TAMS 0x000000008cd00000, 0x000000008cd00000| Untracked 
| 130|0x000000008ce00000, 0x000000008ce00000, 0x000000008cf00000|  0%| F|  |TAMS 0x000000008ce00000, 0x000000008ce00000| Untracked 
| 131|0x000000008cf00000, 0x000000008cf00000, 0x000000008d000000|  0%| F|  |TAMS 0x000000008cf00000, 0x000000008cf00000| Untracked 
| 132|0x000000008d000000, 0x000000008d000000, 0x000000008d100000|  0%| F|  |TAMS 0x000000008d000000, 0x000000008d000000| Untracked 
| 133|0x000000008d100000, 0x000000008d180800, 0x000000008d200000| 50%| E|  |TAMS 0x000000008d100000, 0x000000008d100000| Complete 
| 134|0x000000008d200000, 0x000000008d300000, 0x000000008d300000|100%| E|CS|TAMS 0x000000008d200000, 0x000000008d200000| Complete 
| 135|0x000000008d300000, 0x000000008d400000, 0x000000008d400000|100%| E|CS|TAMS 0x000000008d300000, 0x000000008d300000| Complete 
| 136|0x000000008d400000, 0x000000008d500000, 0x000000008d500000|100%| E|CS|TAMS 0x000000008d400000, 0x000000008d400000| Complete 
| 137|0x000000008d500000, 0x000000008d600000, 0x000000008d600000|100%| E|CS|TAMS 0x000000008d500000, 0x000000008d500000| Complete 
| 138|0x000000008d600000, 0x000000008d700000, 0x000000008d700000|100%| E|CS|TAMS 0x000000008d600000, 0x000000008d600000| Complete 
| 139|0x000000008d700000, 0x000000008d800000, 0x000000008d800000|100%| E|CS|TAMS 0x000000008d700000, 0x000000008d700000| Complete 
| 140|0x000000008d800000, 0x000000008d900000, 0x000000008d900000|100%| E|CS|TAMS 0x000000008d800000, 0x000000008d800000| Complete 
| 141|0x000000008d900000, 0x000000008da00000, 0x000000008da00000|100%| E|CS|TAMS 0x000000008d900000, 0x000000008d900000| Complete 
| 142|0x000000008da00000, 0x000000008db00000, 0x000000008db00000|100%| E|CS|TAMS 0x000000008da00000, 0x000000008da00000| Complete 
| 143|0x000000008db00000, 0x000000008dc00000, 0x000000008dc00000|100%| E|CS|TAMS 0x000000008db00000, 0x000000008db00000| Complete 
| 144|0x000000008dc00000, 0x000000008dd00000, 0x000000008dd00000|100%| E|CS|TAMS 0x000000008dc00000, 0x000000008dc00000| Complete 
| 145|0x000000008dd00000, 0x000000008de00000, 0x000000008de00000|100%| E|CS|TAMS 0x000000008dd00000, 0x000000008dd00000| Complete 
| 146|0x000000008de00000, 0x000000008df00000, 0x000000008df00000|100%| E|CS|TAMS 0x000000008de00000, 0x000000008de00000| Complete 
| 147|0x000000008df00000, 0x000000008e000000, 0x000000008e000000|100%| E|CS|TAMS 0x000000008df00000, 0x000000008df00000| Complete 
| 148|0x000000008e000000, 0x000000008e100000, 0x000000008e100000|100%| E|CS|TAMS 0x000000008e000000, 0x000000008e000000| Complete 
| 149|0x000000008e100000, 0x000000008e200000, 0x000000008e200000|100%| E|CS|TAMS 0x000000008e100000, 0x000000008e100000| Complete 
| 150|0x000000008e200000, 0x000000008e300000, 0x000000008e300000|100%| E|CS|TAMS 0x000000008e200000, 0x000000008e200000| Complete 
| 151|0x000000008e300000, 0x000000008e400000, 0x000000008e400000|100%| E|CS|TAMS 0x000000008e300000, 0x000000008e300000| Complete 
| 152|0x000000008e400000, 0x000000008e500000, 0x000000008e500000|100%| E|CS|TAMS 0x000000008e400000, 0x000000008e400000| Complete 
| 153|0x000000008e500000, 0x000000008e600000, 0x000000008e600000|100%| E|CS|TAMS 0x000000008e500000, 0x000000008e500000| Complete 
| 154|0x000000008e600000, 0x000000008e700000, 0x000000008e700000|100%| E|CS|TAMS 0x000000008e600000, 0x000000008e600000| Complete 
| 155|0x000000008e700000, 0x000000008e800000, 0x000000008e800000|100%| E|CS|TAMS 0x000000008e700000, 0x000000008e700000| Complete 
| 156|0x000000008e800000, 0x000000008e900000, 0x000000008e900000|100%| E|CS|TAMS 0x000000008e800000, 0x000000008e800000| Complete 
| 157|0x000000008e900000, 0x000000008ea00000, 0x000000008ea00000|100%| E|CS|TAMS 0x000000008e900000, 0x000000008e900000| Complete 
| 158|0x000000008ea00000, 0x000000008eb00000, 0x000000008eb00000|100%| E|CS|TAMS 0x000000008ea00000, 0x000000008ea00000| Complete 
| 159|0x000000008eb00000, 0x000000008ec00000, 0x000000008ec00000|100%| E|CS|TAMS 0x000000008eb00000, 0x000000008eb00000| Complete 
| 160|0x000000008ec00000, 0x000000008ed00000, 0x000000008ed00000|100%| E|CS|TAMS 0x000000008ec00000, 0x000000008ec00000| Complete 
| 161|0x000000008ed00000, 0x000000008ee00000, 0x000000008ee00000|100%| E|CS|TAMS 0x000000008ed00000, 0x000000008ed00000| Complete 
| 162|0x000000008ee00000, 0x000000008ef00000, 0x000000008ef00000|100%| E|CS|TAMS 0x000000008ee00000, 0x000000008ee00000| Complete 
| 163|0x000000008ef00000, 0x000000008f000000, 0x000000008f000000|100%| E|CS|TAMS 0x000000008ef00000, 0x000000008ef00000| Complete 
| 164|0x000000008f000000, 0x000000008f100000, 0x000000008f100000|100%| E|CS|TAMS 0x000000008f000000, 0x000000008f000000| Complete 
| 165|0x000000008f100000, 0x000000008f200000, 0x000000008f200000|100%| E|CS|TAMS 0x000000008f100000, 0x000000008f100000| Complete 
| 166|0x000000008f200000, 0x000000008f300000, 0x000000008f300000|100%| E|CS|TAMS 0x000000008f200000, 0x000000008f200000| Complete 
| 167|0x000000008f300000, 0x000000008f400000, 0x000000008f400000|100%| E|CS|TAMS 0x000000008f300000, 0x000000008f300000| Complete 
| 168|0x000000008f400000, 0x000000008f500000, 0x000000008f500000|100%| E|CS|TAMS 0x000000008f400000, 0x000000008f400000| Complete 
| 169|0x000000008f500000, 0x000000008f600000, 0x000000008f600000|100%| E|CS|TAMS 0x000000008f500000, 0x000000008f500000| Complete 
| 170|0x000000008f600000, 0x000000008f700000, 0x000000008f700000|100%| E|CS|TAMS 0x000000008f600000, 0x000000008f600000| Complete 
| 171|0x000000008f700000, 0x000000008f800000, 0x000000008f800000|100%| E|CS|TAMS 0x000000008f700000, 0x000000008f700000| Complete 
| 172|0x000000008f800000, 0x000000008f900000, 0x000000008f900000|100%| E|CS|TAMS 0x000000008f800000, 0x000000008f800000| Complete 
| 173|0x000000008f900000, 0x000000008fa00000, 0x000000008fa00000|100%| E|CS|TAMS 0x000000008f900000, 0x000000008f900000| Complete 
| 174|0x000000008fa00000, 0x000000008fb00000, 0x000000008fb00000|100%| E|CS|TAMS 0x000000008fa00000, 0x000000008fa00000| Complete 
| 175|0x000000008fb00000, 0x000000008fc00000, 0x000000008fc00000|100%| E|CS|TAMS 0x000000008fb00000, 0x000000008fb00000| Complete 
| 176|0x000000008fc00000, 0x000000008fd00000, 0x000000008fd00000|100%| E|CS|TAMS 0x000000008fc00000, 0x000000008fc00000| Complete 
| 177|0x000000008fd00000, 0x000000008fe00000, 0x000000008fe00000|100%| E|CS|TAMS 0x000000008fd00000, 0x000000008fd00000| Complete 
| 178|0x000000008fe00000, 0x000000008ff00000, 0x000000008ff00000|100%| E|CS|TAMS 0x000000008fe00000, 0x000000008fe00000| Complete 
| 179|0x000000008ff00000, 0x0000000090000000, 0x0000000090000000|100%| E|CS|TAMS 0x000000008ff00000, 0x000000008ff00000| Complete 
| 180|0x0000000090000000, 0x0000000090100000, 0x0000000090100000|100%| E|CS|TAMS 0x0000000090000000, 0x0000000090000000| Complete 
| 181|0x0000000090100000, 0x0000000090200000, 0x0000000090200000|100%| E|CS|TAMS 0x0000000090100000, 0x0000000090100000| Complete 
| 182|0x0000000090200000, 0x0000000090300000, 0x0000000090300000|100%| E|CS|TAMS 0x0000000090200000, 0x0000000090200000| Complete 
| 183|0x0000000090300000, 0x0000000090400000, 0x0000000090400000|100%| E|CS|TAMS 0x0000000090300000, 0x0000000090300000| Complete 
| 184|0x0000000090400000, 0x0000000090500000, 0x0000000090500000|100%| E|CS|TAMS 0x0000000090400000, 0x0000000090400000| Complete 
| 185|0x0000000090500000, 0x0000000090600000, 0x0000000090600000|100%| E|CS|TAMS 0x0000000090500000, 0x0000000090500000| Complete 
| 186|0x0000000090600000, 0x0000000090700000, 0x0000000090700000|100%| E|CS|TAMS 0x0000000090600000, 0x0000000090600000| Complete 
| 187|0x0000000090700000, 0x0000000090800000, 0x0000000090800000|100%| E|CS|TAMS 0x0000000090700000, 0x0000000090700000| Complete 
| 188|0x0000000090800000, 0x0000000090900000, 0x0000000090900000|100%| E|CS|TAMS 0x0000000090800000, 0x0000000090800000| Complete 
| 189|0x0000000090900000, 0x0000000090a00000, 0x0000000090a00000|100%| E|CS|TAMS 0x0000000090900000, 0x0000000090900000| Complete 
| 190|0x0000000090a00000, 0x0000000090b00000, 0x0000000090b00000|100%| E|CS|TAMS 0x0000000090a00000, 0x0000000090a00000| Complete 
| 191|0x0000000090b00000, 0x0000000090c00000, 0x0000000090c00000|100%| E|CS|TAMS 0x0000000090b00000, 0x0000000090b00000| Complete 
| 192|0x0000000090c00000, 0x0000000090d00000, 0x0000000090d00000|100%| E|CS|TAMS 0x0000000090c00000, 0x0000000090c00000| Complete 
| 193|0x0000000090d00000, 0x0000000090e00000, 0x0000000090e00000|100%| E|CS|TAMS 0x0000000090d00000, 0x0000000090d00000| Complete 
| 194|0x0000000090e00000, 0x0000000090f00000, 0x0000000090f00000|100%| E|CS|TAMS 0x0000000090e00000, 0x0000000090e00000| Complete 
| 195|0x0000000090f00000, 0x0000000091000000, 0x0000000091000000|100%| E|CS|TAMS 0x0000000090f00000, 0x0000000090f00000| Complete 
| 196|0x0000000091000000, 0x0000000091100000, 0x0000000091100000|100%| E|CS|TAMS 0x0000000091000000, 0x0000000091000000| Complete 
| 197|0x0000000091100000, 0x0000000091200000, 0x0000000091200000|100%| E|CS|TAMS 0x0000000091100000, 0x0000000091100000| Complete 
| 198|0x0000000091200000, 0x0000000091300000, 0x0000000091300000|100%| E|CS|TAMS 0x0000000091200000, 0x0000000091200000| Complete 
| 199|0x0000000091300000, 0x0000000091400000, 0x0000000091400000|100%| E|CS|TAMS 0x0000000091300000, 0x0000000091300000| Complete 
| 200|0x0000000091400000, 0x0000000091500000, 0x0000000091500000|100%| E|CS|TAMS 0x0000000091400000, 0x0000000091400000| Complete 
| 201|0x0000000091500000, 0x0000000091600000, 0x0000000091600000|100%| E|CS|TAMS 0x0000000091500000, 0x0000000091500000| Complete 
| 202|0x0000000091600000, 0x0000000091700000, 0x0000000091700000|100%| E|CS|TAMS 0x0000000091600000, 0x0000000091600000| Complete 
| 203|0x0000000091700000, 0x0000000091800000, 0x0000000091800000|100%| E|CS|TAMS 0x0000000091700000, 0x0000000091700000| Complete 
| 204|0x0000000091800000, 0x0000000091900000, 0x0000000091900000|100%| E|CS|TAMS 0x0000000091800000, 0x0000000091800000| Complete 
| 205|0x0000000091900000, 0x0000000091a00000, 0x0000000091a00000|100%| E|CS|TAMS 0x0000000091900000, 0x0000000091900000| Complete 
| 206|0x0000000091a00000, 0x0000000091b00000, 0x0000000091b00000|100%| E|CS|TAMS 0x0000000091a00000, 0x0000000091a00000| Complete 
| 207|0x0000000091b00000, 0x0000000091c00000, 0x0000000091c00000|100%| E|CS|TAMS 0x0000000091b00000, 0x0000000091b00000| Complete 
| 208|0x0000000091c00000, 0x0000000091d00000, 0x0000000091d00000|100%| E|CS|TAMS 0x0000000091c00000, 0x0000000091c00000| Complete 
| 209|0x0000000091d00000, 0x0000000091e00000, 0x0000000091e00000|100%| E|CS|TAMS 0x0000000091d00000, 0x0000000091d00000| Complete 
| 210|0x0000000091e00000, 0x0000000091f00000, 0x0000000091f00000|100%| E|CS|TAMS 0x0000000091e00000, 0x0000000091e00000| Complete 
| 211|0x0000000091f00000, 0x0000000092000000, 0x0000000092000000|100%| E|CS|TAMS 0x0000000091f00000, 0x0000000091f00000| Complete 
| 212|0x0000000092000000, 0x0000000092100000, 0x0000000092100000|100%| E|CS|TAMS 0x0000000092000000, 0x0000000092000000| Complete 
| 213|0x0000000092100000, 0x0000000092200000, 0x0000000092200000|100%| E|CS|TAMS 0x0000000092100000, 0x0000000092100000| Complete 
| 214|0x0000000092200000, 0x0000000092300000, 0x0000000092300000|100%| E|CS|TAMS 0x0000000092200000, 0x0000000092200000| Complete 

Card table byte_map: [0x000002affbfe0000,0x000002affc3c0000] _byte_map_base: 0x000002affbbba000

Marking Bits (Prev, Next): (CMBitMap*) 0x000002affb0c38e0, (CMBitMap*) 0x000002affb0c38a8
 Prev Bits: [0x000002af97230000, 0x000002af99100000)
 Next Bits: [0x000002affc7a0000, 0x000002affe670000)

Polling page: 0x000002affb140000

Metaspace:

Usage:
  Non-class:     62.98 MB capacity,    61.98 MB ( 98%) used,   802.21 KB (  1%) free+waste,   227.25 KB ( <1%) overhead. 
      Class:      9.94 MB capacity,     9.26 MB ( 93%) used,   596.41 KB (  6%) free+waste,   103.88 KB (  1%) overhead. 
       Both:     72.92 MB capacity,    71.23 MB ( 98%) used,     1.37 MB (  2%) free+waste,   331.13 KB ( <1%) overhead. 

Virtual space:
  Non-class space:       64.00 MB reserved,      63.05 MB ( 99%) committed 
      Class space:        1.00 GB reserved,      10.00 MB ( <1%) committed 
             Both:        1.06 GB reserved,      73.05 MB (  7%) committed 

Chunk freelists:
   Non-Class:  256 bytes
       Class:  3.63 KB
        Both:  3.88 KB

CodeHeap 'non-profiled nmethods': size=120000Kb used=5371Kb max_used=5578Kb free=114628Kb
 bounds [0x000002af8fd00000, 0x000002af90280000, 0x000002af97230000]
CodeHeap 'profiled nmethods': size=120000Kb used=13482Kb max_used=14051Kb free=106518Kb
 bounds [0x000002af887d0000, 0x000002af89590000, 0x000002af8fd00000]
CodeHeap 'non-nmethods': size=5760Kb used=1313Kb max_used=1408Kb free=4447Kb
 bounds [0x000002af88230000, 0x000002af884a0000, 0x000002af887d0000]
 total_blobs=8349 nmethods=6005 adapters=517
 compilation: enabled
              stopped_count=0, restarted_count=0
 full_count=0

Compilation events (10 events):
Event: 697.899 Thread 0x000002afff986800 6557       3       java.util.concurrent.TimeUnit::toNanos (45 bytes)
Event: 697.900 Thread 0x000002afff986800 nmethod 6557 0x000002af88989d10 code [0x000002af88989ec0, 0x000002af8898a138]
Event: 697.900 Thread 0x000002afff986800 6558       1       com.zaxxer.hikari.HikariConfig::getMaximumPoolSize (5 bytes)
Event: 697.900 Thread 0x000002afff986800 nmethod 6558 0x000002af8fe6b890 code [0x000002af8fe6ba40, 0x000002af8fe6bb58]
Event: 727.900 Thread 0x000002afff986800 6559       1       com.zaxxer.hikari.HikariConfig::getMinimumIdle (5 bytes)
Event: 727.901 Thread 0x000002afff986800 nmethod 6559 0x000002af8fe6b510 code [0x000002af8fe6b6c0, 0x000002af8fe6b7d8]
Event: 967.912 Thread 0x000002afff986800 6560       3       com.zaxxer.hikari.util.ConcurrentBag::getCount (49 bytes)
Event: 967.914 Thread 0x000002afff986800 nmethod 6560 0x000002af889b0190 code [0x000002af889b0400, 0x000002af889b0fa0]
Event: 1057.915 Thread 0x000002afff986800 6561       3       java.util.concurrent.locks.ReentrantLock$Sync::isHeldExclusively (16 bytes)
Event: 1057.915 Thread 0x000002afff986800 nmethod 6561 0x000002af889bc310 code [0x000002af889bc4c0, 0x000002af889bc6b8]

GC Heap History (10 events):
Event: 6.738 GC heap before
{Heap before GC invocations=12 (full 0):
 garbage-first heap   total 152576K, used 101048K [0x0000000084c00000, 0x0000000100000000)
  region size 1024K, 89 young (91136K), 9 survivors (9216K)
 Metaspace       used 48657K, capacity 49918K, committed 50128K, reserved 1093632K
  class space    used 5996K, capacity 6494K, committed 6528K, reserved 1048576K
}
Event: 6.747 GC heap after
{Heap after GC invocations=13 (full 0):
 garbage-first heap   total 183296K, used 21778K [0x0000000084c00000, 0x0000000100000000)
  region size 1024K, 9 young (9216K), 9 survivors (9216K)
 Metaspace       used 48657K, capacity 49918K, committed 50128K, reserved 1093632K
  class space    used 5996K, capacity 6494K, committed 6528K, reserved 1048576K
}
Event: 7.774 GC heap before
{Heap before GC invocations=13 (full 0):
 garbage-first heap   total 183296K, used 122130K [0x0000000084c00000, 0x0000000100000000)
  region size 1024K, 107 young (109568K), 9 survivors (9216K)
 Metaspace       used 54363K, capacity 55634K, committed 55888K, reserved 1097728K
  class space    used 6817K, capacity 7334K, committed 7424K, reserved 1048576K
}
Event: 7.782 GC heap after
{Heap after GC invocations=14 (full 0):
 garbage-first heap   total 183296K, used 25589K [0x0000000084c00000, 0x0000000100000000)
  region size 1024K, 11 young (11264K), 11 survivors (11264K)
 Metaspace       used 54363K, capacity 55634K, committed 55888K, reserved 1097728K
  class space    used 6817K, capacity 7334K, committed 7424K, reserved 1048576K
}
Event: 8.407 GC heap before
{Heap before GC invocations=14 (full 0):
 garbage-first heap   total 183296K, used 91125K [0x0000000084c00000, 0x0000000100000000)
  region size 1024K, 76 young (77824K), 11 survivors (11264K)
 Metaspace       used 58530K, capacity 59947K, committed 60080K, reserved 1101824K
  class space    used 7417K, capacity 7984K, committed 8064K, reserved 1048576K
}
Event: 8.425 GC heap after
{Heap after GC invocations=15 (full 0):
 garbage-first heap   total 183296K, used 28404K [0x0000000084c00000, 0x0000000100000000)
  region size 1024K, 10 young (10240K), 10 survivors (10240K)
 Metaspace       used 58530K, capacity 59947K, committed 60080K, reserved 1101824K
  class space    used 7417K, capacity 7984K, committed 8064K, reserved 1048576K
}
Event: 9.115 GC heap before
{Heap before GC invocations=16 (full 0):
 garbage-first heap   total 183296K, used 127732K [0x0000000084c00000, 0x0000000100000000)
  region size 1024K, 107 young (109568K), 10 survivors (10240K)
 Metaspace       used 63717K, capacity 65233K, committed 65584K, reserved 1105920K
  class space    used 8232K, capacity 8844K, committed 8960K, reserved 1048576K
}
Event: 9.126 GC heap after
{Heap after GC invocations=17 (full 0):
 garbage-first heap   total 183296K, used 31859K [0x0000000084c00000, 0x0000000100000000)
  region size 1024K, 10 young (10240K), 10 survivors (10240K)
 Metaspace       used 63717K, capacity 65233K, committed 65584K, reserved 1105920K
  class space    used 8232K, capacity 8844K, committed 8960K, reserved 1048576K
}
Event: 10.175 GC heap before
{Heap before GC invocations=17 (full 0):
 garbage-first heap   total 183296K, used 131187K [0x0000000084c00000, 0x0000000100000000)
  region size 1024K, 107 young (109568K), 10 survivors (10240K)
 Metaspace       used 68137K, capacity 69696K, committed 69936K, reserved 1110016K
  class space    used 8840K, capacity 9462K, committed 9472K, reserved 1048576K
}
Event: 10.186 GC heap after
{Heap after GC invocations=18 (full 0):
 garbage-first heap   total 220160K, used 35741K [0x0000000084c00000, 0x0000000100000000)
  region size 1024K, 10 young (10240K), 10 survivors (10240K)
 Metaspace       used 68137K, capacity 69696K, committed 69936K, reserved 1110016K
  class space    used 8840K, capacity 9462K, committed 9472K, reserved 1048576K
}

Deoptimization events (10 events):
Event: 11.545 Thread 0x000002affb083000 Uncommon trap: reason=unhandled action=none pc=0x000002af9019ceb0 method=jdk.internal.loader.BuiltinClassLoader.loadClass(Ljava/lang/String;Z)Ljava/lang/Class; @ 19 c2
Event: 11.547 Thread 0x000002affb083000 Uncommon trap: reason=unhandled action=none pc=0x000002af9019ceb0 method=jdk.internal.loader.BuiltinClassLoader.loadClass(Ljava/lang/String;Z)Ljava/lang/Class; @ 19 c2
Event: 11.549 Thread 0x000002affb083000 Uncommon trap: reason=unhandled action=none pc=0x000002af9019ceb0 method=jdk.internal.loader.BuiltinClassLoader.loadClass(Ljava/lang/String;Z)Ljava/lang/Class; @ 19 c2
Event: 11.551 Thread 0x000002affb083000 Uncommon trap: reason=unhandled action=none pc=0x000002af9019ceb0 method=jdk.internal.loader.BuiltinClassLoader.loadClass(Ljava/lang/String;Z)Ljava/lang/Class; @ 19 c2
Event: 11.552 Thread 0x000002affb083000 Uncommon trap: reason=unhandled action=none pc=0x000002af9019ceb0 method=jdk.internal.loader.BuiltinClassLoader.loadClass(Ljava/lang/String;Z)Ljava/lang/Class; @ 19 c2
Event: 11.648 Thread 0x000002affb083000 Uncommon trap: reason=unstable_if action=reinterpret pc=0x000002af9013c7fc method=java.util.Objects.equals(Ljava/lang/Object;Ljava/lang/Object;)Z @ 6 c2
Event: 12.232 Thread 0x000002af9edd1000 Uncommon trap: reason=unhandled action=none pc=0x000002af9019ceb0 method=jdk.internal.loader.BuiltinClassLoader.loadClass(Ljava/lang/String;Z)Ljava/lang/Class; @ 19 c2
Event: 12.246 Thread 0x000002af9edd1000 Uncommon trap: reason=unhandled action=none pc=0x000002af9019ceb0 method=jdk.internal.loader.BuiltinClassLoader.loadClass(Ljava/lang/String;Z)Ljava/lang/Class; @ 19 c2
Event: 12.332 Thread 0x000002af9edd1000 Uncommon trap: reason=unstable_if action=reinterpret pc=0x000002af8fd221a0 method=java.lang.StringLatin1.canEncode(I)Z @ 4 c2
Event: 12.662 Thread 0x000002af9edd1000 Uncommon trap: reason=unstable_if action=reinterpret pc=0x000002af8fd11554 method=java.lang.StringLatin1.canEncode(I)Z @ 4 c2

Classes redefined (8 events):
Event: 227.258 Thread 0x000002afff164000 redefined class name=demarrageordi.rest.dto.LogicielDto, count=1
Event: 444.828 Thread 0x000002afff164000 redefined class name=demarrageordi.rest.LogicielController, count=1
Event: 482.369 Thread 0x000002afff164000 redefined class name=demarrageordi.rest.LogicielController, count=2
Event: 834.810 Thread 0x000002afff164000 redefined class name=demarrageordi.rest.LogicielController, count=3
Event: 1032.337 Thread 0x000002afff164000 redefined class name=demarrageordi.rest.LogicielControllerTest, count=1
Event: 1051.996 Thread 0x000002afff164000 redefined class name=demarrageordi.rest.LogicielControllerTest, count=2
Event: 1055.163 Thread 0x000002afff164000 redefined class name=demarrageordi.rest.LogicielControllerTest, count=3
Event: 1139.102 Thread 0x000002afff164000 redefined class name=demarrageordi.rest.LogicielControllerTest, count=4

Internal exceptions (10 events):
Event: 11.500 Thread 0x000002affb083000 Exception <a 'java/lang/ClassNotFoundException'{0x000000008dfb1928}: org/springframework/web/servlet/theme/AbstractThemeResolverCustomizer> (0x000000008dfb1928) thrown at [t:/workspace/open/src/hotspot/share/classfile/systemDictionary.cpp, line 231]
Event: 11.503 Thread 0x000002affb083000 Exception <a 'java/lang/ClassNotFoundException'{0x000000008dfcaa48}: org/springframework/web/servlet/theme/FixedThemeResolverCustomizer> (0x000000008dfcaa48) thrown at [t:/workspace/open/src/hotspot/share/classfile/systemDictionary.cpp, line 231]
Event: 11.508 Thread 0x000002affb083000 Exception <a 'java/lang/ClassNotFoundException'{0x000000008dfe2758}: org/springframework/web/servlet/ThemeResolverCustomizer> (0x000000008dfe2758) thrown at [t:/workspace/open/src/hotspot/share/classfile/systemDictionary.cpp, line 231]
Event: 11.518 Thread 0x000002affb083000 Exception <a 'java/lang/ClassNotFoundException'{0x000000008de04fd8}: java/lang/ObjectCustomizer> (0x000000008de04fd8) thrown at [t:/workspace/open/src/hotspot/share/classfile/systemDictionary.cpp, line 231]
Event: 11.522 Thread 0x000002affb083000 Exception <a 'java/lang/ClassNotFoundException'{0x000000008de21038}: org/springframework/web/servlet/view/DefaultRequestToViewNameTranslatorCustomizer> (0x000000008de21038) thrown at [t:/workspace/open/src/hotspot/share/classfile/systemDictionary.cpp, lin
Event: 11.528 Thread 0x000002affb083000 Exception <a 'java/lang/ClassNotFoundException'{0x000000008de47d38}: org/springframework/web/servlet/RequestToViewNameTranslatorCustomizer> (0x000000008de47d38) thrown at [t:/workspace/open/src/hotspot/share/classfile/systemDictionary.cpp, line 231]
Event: 11.542 Thread 0x000002affb083000 Exception <a 'java/lang/ClassNotFoundException'{0x000000008de9d670}: java/lang/ObjectCustomizer> (0x000000008de9d670) thrown at [t:/workspace/open/src/hotspot/share/classfile/systemDictionary.cpp, line 231]
Event: 11.546 Thread 0x000002affb083000 Exception <a 'java/lang/ClassNotFoundException'{0x000000008deb8080}: org/springframework/web/servlet/support/AbstractFlashMapManagerCustomizer> (0x000000008deb8080) thrown at [t:/workspace/open/src/hotspot/share/classfile/systemDictionary.cpp, line 231]
Event: 11.549 Thread 0x000002affb083000 Exception <a 'java/lang/ClassNotFoundException'{0x000000008ded44b0}: org/springframework/web/servlet/support/SessionFlashMapManagerCustomizer> (0x000000008ded44b0) thrown at [t:/workspace/open/src/hotspot/share/classfile/systemDictionary.cpp, line 231]
Event: 11.552 Thread 0x000002affb083000 Exception <a 'java/lang/ClassNotFoundException'{0x000000008deeb750}: org/springframework/web/servlet/FlashMapManagerCustomizer> (0x000000008deeb750) thrown at [t:/workspace/open/src/hotspot/share/classfile/systemDictionary.cpp, line 231]

Events (10 events):
Event: 1139.133 Executing VM operation: GetFrameCount
Event: 1139.133 Executing VM operation: GetFrameCount done
Event: 1139.133 Executing VM operation: GetStackTrace
Event: 1139.133 Executing VM operation: GetStackTrace done
Event: 1139.148 Executing VM operation: GetFrameCount
Event: 1139.148 Executing VM operation: GetFrameCount done
Event: 1139.149 Executing VM operation: GetOwnedMonitorInfo
Event: 1139.149 Executing VM operation: GetOwnedMonitorInfo done
Event: 1139.149 Executing VM operation: GetCurrentContendedMonitor
Event: 1139.149 Executing VM operation: GetCurrentContendedMonitor done


Dynamic libraries:
0x00007ff6d2500000 - 0x00007ff6d2545000 	D:\Java\j2ses\jdk11\bin\javaw.exe
0x00007ffc87780000 - 0x00007ffc87970000 	C:\windows\SYSTEM32\ntdll.dll
0x00007ffc50ce0000 - 0x00007ffc50cf2000 	C:\Program Files\Avast Software\Avast\aswhook.dll
0x00007ffc859a0000 - 0x00007ffc85a52000 	C:\windows\System32\KERNEL32.DLL
0x00007ffc85280000 - 0x00007ffc85525000 	C:\windows\System32\KERNELBASE.dll
0x00007ffc87070000 - 0x00007ffc87204000 	C:\windows\System32\USER32.dll
0x00007ffc848d0000 - 0x00007ffc848f1000 	C:\windows\System32\win32u.dll
0x00007ffc86610000 - 0x00007ffc86636000 	C:\windows\System32\GDI32.dll
0x00007ffc85530000 - 0x00007ffc856c6000 	C:\windows\System32\gdi32full.dll
0x00007ffc85100000 - 0x00007ffc8519e000 	C:\windows\System32\msvcp_win.dll
0x00007ffc85730000 - 0x00007ffc8582a000 	C:\windows\System32\ucrtbase.dll
0x00007ffc62f10000 - 0x00007ffc63194000 	C:\windows\WinSxS\amd64_microsoft.windows.common-controls_6595b64144ccf1df_6.0.18362.1139_none_9e7bf2d3e4605ac6\COMCTL32.dll
0x00007ffc86a00000 - 0x00007ffc86a9e000 	C:\windows\System32\msvcrt.dll
0x00007ffc87220000 - 0x00007ffc87555000 	C:\windows\System32\combase.dll
0x00007ffc85cc0000 - 0x00007ffc85de0000 	C:\windows\System32\RPCRT4.dll
0x00007ffc85080000 - 0x00007ffc85100000 	C:\windows\System32\bcryptPrimitives.dll
0x00007ffc86820000 - 0x00007ffc8684e000 	C:\windows\System32\IMM32.DLL
0x00007ffc50db0000 - 0x00007ffc50dc6000 	D:\Java\j2ses\jdk11\bin\vcruntime140.dll
0x00007ffc316f0000 - 0x00007ffc3179a000 	D:\Java\j2ses\jdk11\bin\msvcp140.dll
0x00007ffc34d60000 - 0x00007ffc358a1000 	D:\Java\j2ses\jdk11\bin\server\jvm.dll
0x00007ffc85b00000 - 0x00007ffc85ba3000 	C:\windows\System32\ADVAPI32.dll
0x00007ffc85a60000 - 0x00007ffc85af7000 	C:\windows\System32\sechost.dll
0x00007ffc87210000 - 0x00007ffc87218000 	C:\windows\System32\PSAPI.DLL
0x00007ffc6b110000 - 0x00007ffc6b119000 	C:\windows\SYSTEM32\WSOCK32.dll
0x00007ffc86750000 - 0x00007ffc867bf000 	C:\windows\System32\WS2_32.dll
0x00007ffc7ec90000 - 0x00007ffc7ecb4000 	C:\windows\SYSTEM32\WINMM.dll
0x00007ffc7a580000 - 0x00007ffc7a58a000 	C:\windows\SYSTEM32\VERSION.dll
0x00007ffc7ec60000 - 0x00007ffc7ec8d000 	C:\windows\SYSTEM32\WINMMBASE.dll
0x00007ffc84710000 - 0x00007ffc8475a000 	C:\windows\System32\cfgmgr32.dll
0x00007ffc846f0000 - 0x00007ffc84701000 	C:\windows\System32\kernel.appcore.dll
0x00007ffc7f2c0000 - 0x00007ffc7f2d1000 	D:\Java\j2ses\jdk11\bin\verify.dll
0x00007ffc7fd90000 - 0x00007ffc7ff84000 	C:\windows\SYSTEM32\DBGHELP.DLL
0x00007ffc70780000 - 0x00007ffc707aa000 	C:\windows\SYSTEM32\dbgcore.DLL
0x00007ffc7f290000 - 0x00007ffc7f2b8000 	D:\Java\j2ses\jdk11\bin\java.dll
0x00007ffc6c520000 - 0x00007ffc6c557000 	D:\Java\j2ses\jdk11\bin\jdwp.dll
0x00007ffc6c460000 - 0x00007ffc6c48f000 	D:\Java\j2ses\jdk11\bin\instrument.dll
0x00007ffc7f260000 - 0x00007ffc7f276000 	D:\Java\j2ses\jdk11\bin\zip.dll
0x00007ffc7f250000 - 0x00007ffc7f25a000 	D:\Java\j2ses\jdk11\bin\jimage.dll
0x00007ffc85f20000 - 0x00007ffc86607000 	C:\windows\System32\SHELL32.dll
0x00007ffc86640000 - 0x00007ffc866e9000 	C:\windows\System32\shcore.dll
0x00007ffc84900000 - 0x00007ffc85080000 	C:\windows\System32\windows.storage.dll
0x00007ffc846a0000 - 0x00007ffc846c3000 	C:\windows\System32\profapi.dll
0x00007ffc84650000 - 0x00007ffc8469a000 	C:\windows\System32\powrprof.dll
0x00007ffc84640000 - 0x00007ffc84650000 	C:\windows\System32\UMPDC.dll
0x00007ffc87560000 - 0x00007ffc875b2000 	C:\windows\System32\shlwapi.dll
0x00007ffc84760000 - 0x00007ffc84777000 	C:\windows\System32\cryptsp.dll
0x00007ffc7a7f0000 - 0x00007ffc7a7fa000 	D:\Java\j2ses\jdk11\bin\dt_socket.dll
0x00007ffc83e30000 - 0x00007ffc83e97000 	C:\windows\System32\mswsock.dll
0x00007ffc83b90000 - 0x00007ffc83c5b000 	C:\windows\SYSTEM32\DNSAPI.dll
0x00007ffc85990000 - 0x00007ffc85998000 	C:\windows\System32\NSI.dll
0x00007ffc83b40000 - 0x00007ffc83b7a000 	C:\windows\SYSTEM32\IPHLPAPI.DLL
0x00007ffc74720000 - 0x00007ffc74797000 	C:\windows\System32\fwpuclnt.dll
0x00007ffc85250000 - 0x00007ffc85276000 	C:\windows\System32\bcrypt.dll
0x00007ffc6be30000 - 0x00007ffc6be3a000 	C:\Windows\System32\rasadhlp.dll
0x00007ffc7f230000 - 0x00007ffc7f249000 	D:\Java\j2ses\jdk11\bin\net.dll
0x00007ffc7a1b0000 - 0x00007ffc7a2a0000 	C:\windows\SYSTEM32\WINHTTP.dll
0x00007ffc7b860000 - 0x00007ffc7b873000 	D:\Java\j2ses\jdk11\bin\nio.dll
0x00007ffc5a320000 - 0x00007ffc5a329000 	D:\Java\j2ses\jdk11\bin\management.dll
0x00007ffc54150000 - 0x00007ffc5415c000 	D:\Java\j2ses\jdk11\bin\management_ext.dll
0x00007ffc66c10000 - 0x00007ffc66c26000 	C:\windows\system32\napinsp.dll
0x00007ffc66bf0000 - 0x00007ffc66c0a000 	C:\windows\system32\pnrpnsp.dll
0x00007ffc6a0d0000 - 0x00007ffc6a0de000 	C:\windows\System32\winrnr.dll
0x00007ffc7d810000 - 0x00007ffc7d82c000 	C:\windows\system32\NLAapi.dll
0x00007ffc7cea0000 - 0x00007ffc7ceb5000 	C:\windows\system32\wshbth.dll
0x00007ffc839a0000 - 0x00007ffc839d3000 	C:\windows\system32\rsaenh.dll
0x00007ffc84560000 - 0x00007ffc84585000 	C:\windows\SYSTEM32\USERENV.dll
0x00007ffc84000000 - 0x00007ffc8400c000 	C:\windows\SYSTEM32\CRYPTBASE.dll
0x00007ffc774c0000 - 0x00007ffc774d6000 	C:\windows\SYSTEM32\dhcpcsvc6.DLL
0x00007ffc77d90000 - 0x00007ffc77dac000 	C:\windows\SYSTEM32\dhcpcsvc.DLL
0x00007ffc7a2a0000 - 0x00007ffc7a2ad000 	D:\Java\j2ses\jdk11\bin\sunmscapi.dll
0x00007ffc84780000 - 0x00007ffc848c9000 	C:\windows\System32\CRYPT32.dll
0x00007ffc846d0000 - 0x00007ffc846e2000 	C:\windows\System32\MSASN1.dll
0x00007ffc84160000 - 0x00007ffc84186000 	C:\windows\SYSTEM32\ncrypt.dll
0x00007ffc84120000 - 0x00007ffc8415b000 	C:\windows\SYSTEM32\NTASN1.dll
0x00007ffc54160000 - 0x00007ffc54187000 	D:\Java\j2ses\jdk11\bin\sunec.dll

dbghelp: loaded successfully - version: 4.0.5 - missing functions: none
symbol engine: initialized successfully - sym options: 0x614 - pdb path: .;D:\Java\j2ses\jdk11\bin;C:\windows\SYSTEM32;C:\Program Files\Avast Software\Avast;C:\windows\WinSxS\amd64_microsoft.windows.common-controls_6595b64144ccf1df_6.0.18362.1139_none_9e7bf2d3e4605ac6;D:\Java\j2ses\jdk11\bin\server

VM Arguments:
jvm_args: -agentlib:jdwp=transport=dt_socket,suspend=y,address=localhost:50928 -ea -javaagent:D:\Java\ides\eclipse\configuration\org.eclipse.osgi\406\0\.cp\lib\javaagent-shaded.jar -Dfile.encoding=UTF-8 
java_command: org.eclipse.jdt.internal.junit.runner.RemoteTestRunner -version 3 -port 50925 -testLoaderClass org.eclipse.jdt.internal.junit5.runner.JUnit5TestLoader -loaderpluginname org.eclipse.jdt.junit5.runtime -test demarrageordi.rest.LogicielControllerTest:creationLogicielTest
java_class_path (initial): D:\Java\sources\demarrageordi\target\test-classes;D:\Java\sources\demarrageordi\target\classes;D:\Java\maven-repository\org\springframework\boot\spring-boot-starter-data-jpa\2.3.1.RELEASE\spring-boot-starter-data-jpa-2.3.1.RELEASE.jar;D:\Java\maven-repository\org\springframework\boot\spring-boot-starter-aop\2.3.1.RELEASE\spring-boot-starter-aop-2.3.1.RELEASE.jar;D:\Java\maven-repository\org\aspectj\aspectjweaver\1.9.5\aspectjweaver-1.9.5.jar;D:\Java\maven-repository\jakarta\transaction\jakarta.transaction-api\1.3.3\jakarta.transaction-api-1.3.3.jar;D:\Java\maven-repository\jakarta\persistence\jakarta.persistence-api\2.2.3\jakarta.persistence-api-2.2.3.jar;D:\Java\maven-repository\org\hibernate\hibernate-core\5.4.17.Final\hibernate-core-5.4.17.Final.jar;D:\Java\maven-repository\org\jboss\logging\jboss-logging\3.4.1.Final\jboss-logging-3.4.1.Final.jar;D:\Java\maven-repository\org\javassist\javassist\3.24.0-GA\javassist-3.24.0-GA.jar;D:\Java\maven-repository\net\bytebuddy\byte-buddy\1.10.11\byte-buddy-1.10.11.jar;D:\Java\maven-repository\antlr\antlr\2.7.7\antlr-2.7.7.jar;D:\Java\maven-repository\org\jboss\jandex\2.1.3.Final\jandex-2.1.3.Final.jar;D:\Java\maven-repository\org\dom4j\dom4j\2.1.3\dom4j-2.1.3.jar;D:\Java\maven-repository\org\hibernate\common\hibernate-commons-annotations\5.1.0.Final\hibernate-commons-annotations-5.1.0.Final.jar;D:\Java\maven-repository\org\glassfish\jaxb\jaxb-runtime\2.3.3\jaxb-runtime-2.3.3.jar;D:\Java\maven-repository\org\glassfish\jaxb\txw2\2.3.3\txw2-2.3.3.jar;D:\Java\maven-repository\com\sun\istack\istack-commons-runtime\3.0.11\istack-commons-runtime-3.0.11.jar;D:\Java\maven-repository\com\sun\activation\jakarta.activation\1.2.2\jakarta.activation-1.2.2.jar;D:\Java\maven-repository\org\springframework\spring-aspects\5.2.7.RELEASE\spring-aspects-5.2.7.RELEASE.jar;D:\Java\maven-repository\org\springframework\data\spring-data-jpa\2.3.1.RELEASE\spring-data-jpa-2.3.1.RELEASE.jar;D:\Java\maven-repository\org\spri
Launcher Type: SUN_STANDARD

[Global flags]
     intx CICompilerCount                          = 4                                         {product} {ergonomic}
     uint ConcGCThreads                            = 2                                         {product} {ergonomic}
     uint G1ConcRefinementThreads                  = 8                                         {product} {ergonomic}
   size_t G1HeapRegionSize                         = 1048576                                   {product} {ergonomic}
    uintx GCDrainStackTargetSize                   = 64                                        {product} {ergonomic}
   size_t InitialHeapSize                          = 130023424                                 {product} {ergonomic}
   size_t MarkStackSize                            = 4194304                                   {product} {ergonomic}
   size_t MaxHeapSize                              = 2067791872                                {product} {ergonomic}
   size_t MaxNewSize                               = 1240465408                                {product} {ergonomic}
   size_t MinHeapDeltaBytes                        = 1048576                                   {product} {ergonomic}
    uintx NonNMethodCodeHeapSize                   = 5835340                                {pd product} {ergonomic}
    uintx NonProfiledCodeHeapSize                  = 122911450                              {pd product} {ergonomic}
    uintx ProfiledCodeHeapSize                     = 122911450                              {pd product} {ergonomic}
    uintx ReservedCodeCacheSize                    = 251658240                              {pd product} {ergonomic}
     bool SegmentedCodeCache                       = true                                      {product} {ergonomic}
     bool UseCompressedClassPointers               = true                                 {lp64_product} {ergonomic}
     bool UseCompressedOops                        = true                                 {lp64_product} {ergonomic}
     bool UseG1GC                                  = true                                      {product} {ergonomic}
     bool UseLargePagesIndividualAllocation        = false                                  {pd product} {ergonomic}

Logging:
Log output configuration:
 #0: stdout all=warning uptime,level,tags
 #1: stderr all=off uptime,level,tags

Environment Variables:
JAVA_HOME=D:\Java\j2ses\jdk11
PATH=D:/Java/j2ses/jdk11/bin/server;D:/Java/j2ses/jdk11/bin;C:\windows\system32;C:\windows;C:\windows\System32\Wbem;C:\windows\System32\WindowsPowerShell\v1.0\;C:\windows\System32\OpenSSH\;D:\Angular\NodeJS\;C:\Users\Dev\AppData\Local\Microsoft\WindowsApps;D:\Java\j2ses\jdk11;D:\Java\tools\apache-maven-3.6.3\bin;C:\Users\Dev\AppData\Roaming\npm;C:\Users\Dev\Desktop;
USERNAME=Dev
OS=Windows_NT
PROCESSOR_IDENTIFIER=Intel64 Family 6 Model 126 Stepping 5, GenuineIntel



---------------  S Y S T E M  ---------------

OS: Windows 10 , 64 bit Build 18362 (10.0.18362.1110)

CPU:total 8 (initial active 8) (4 cores per cpu, 2 threads per core) family 6 model 126 stepping 5, cmov, cx8, fxsr, mmx, sse, sse2, sse3, ssse3, sse4.1, sse4.2, popcnt, avx, avx2, aes, clmul, erms, 3dnowpref, lzcnt, ht, tsc, tscinvbit, bmi1, bmi2, adx, sha, fma

Memory: 4k page, system-wide physical 7880M (1138M free)
TotalPageFile size 9800M (AvailPageFile size 2015M)
current process WorkingSet (physical memory assigned to process): 364M, peak: 493M
current process commit charge ("private bytes"): 425M, peak: 554M

vm_info: OpenJDK 64-Bit Server VM (11+28) for windows-amd64 JRE (11+28), built on Aug 23 2018 03:04:58 by "mach5one" with MS VC++ 15.5 (VS2017)

END.
